[2019-01-29 21:44:43,888][WARN ][main] 

********************************************************************
**********        Security debugging is enabled.       *************
**********    This may include sensitive information.  *************
**********      Do not use in a production system!     *************
********************************************************************

 (WebSecurity.java:302)
[2019-01-29 21:49:36,073][WARN ][main] 

********************************************************************
**********        Security debugging is enabled.       *************
**********    This may include sensitive information.  *************
**********      Do not use in a production system!     *************
********************************************************************

 (WebSecurity.java:302)
[2019-01-29 22:32:37,381][WARN ][main] 

********************************************************************
**********        Security debugging is enabled.       *************
**********    This may include sensitive information.  *************
**********      Do not use in a production system!     *************
********************************************************************

 (WebSecurity.java:302)
[2019-01-29 22:44:04,781][WARN ][main] 

********************************************************************
**********        Security debugging is enabled.       *************
**********    This may include sensitive information.  *************
**********      Do not use in a production system!     *************
********************************************************************

 (WebSecurity.java:302)
[2019-01-29 22:54:21,306][WARN ][main] 

********************************************************************
**********        Security debugging is enabled.       *************
**********    This may include sensitive information.  *************
**********      Do not use in a production system!     *************
********************************************************************

 (WebSecurity.java:302)
