[2019-01-30 21:09:29,928][INFO ][main] Starting AppMain on DESKTOP-TL0CR6M with PID 5368 (started by 炸天兄 in E:\2018\blog\java后台\springSecurity1) (StartupInfoLogger.java:50)
[2019-01-30 21:09:30,068][INFO ][main] No active profile set, falling back to default profiles: default (SpringApplication.java:675)
[2019-01-30 21:09:35,816][INFO ][main] Tomcat initialized with port(s): 9999 (http) (TomcatWebServer.java:90)
[2019-01-30 21:09:35,847][INFO ][main] Initializing ProtocolHandler ["http-nio-9999"] (DirectJDKLog.java:173)
[2019-01-30 21:09:35,847][INFO ][main] Starting service [Tomcat] (DirectJDKLog.java:173)
[2019-01-30 21:09:35,847][INFO ][main] Starting Servlet Engine: Apache Tomcat/9.0.12 (DirectJDKLog.java:173)
[2019-01-30 21:09:35,862][INFO ][main] The APR based Apache Tomcat Native library which allows optimal performance in production environments was not found on the java.library.path: [E:\jdk\bin;C:\Windows\Sun\Java\bin;C:\Windows\system32;C:\Windows;C:\Program Files (x86)\Common Files\Oracle\Java\javapath;C:\Windows\system32;C:\Windows;C:\Windows\System32\Wbem;C:\Windows\System32\WindowsPowerShell\v1.0\;C:\Program Files\Microsoft SQL Server\120\Tools\Binn\;C:\Program Files\Microsoft SQL Server\130\Tools\Binn\;E:\nodejs\;E:\git\Git\bin;;E:\VSCode\Microsoft VS Code\bin;C:\Users\炸天兄\AppData\Roaming\npm;;.] (DirectJDKLog.java:173)
[2019-01-30 21:09:36,097][INFO ][main] Initializing Spring embedded WebApplicationContext (DirectJDKLog.java:173)
[2019-01-30 21:09:36,112][INFO ][main] Root WebApplicationContext: initialization completed in 5888 ms (ServletWebServerApplicationContext.java:285)
[2019-01-30 21:09:36,191][INFO ][main] Mapping filter: 'characterEncodingFilter' to: [/*] (AbstractFilterRegistrationBean.java:248)
[2019-01-30 21:09:36,192][INFO ][main] Mapping filter: 'hiddenHttpMethodFilter' to: [/*] (AbstractFilterRegistrationBean.java:248)
[2019-01-30 21:09:36,193][INFO ][main] Mapping filter: 'formContentFilter' to: [/*] (AbstractFilterRegistrationBean.java:248)
[2019-01-30 21:09:36,193][INFO ][main] Mapping filter: 'requestContextFilter' to: [/*] (AbstractFilterRegistrationBean.java:248)
[2019-01-30 21:09:36,195][INFO ][main] Mapping filter: 'springSecurityFilterChain' to: [/*] (AbstractFilterRegistrationBean.java:248)
[2019-01-30 21:09:36,196][INFO ][main] Servlet dispatcherServlet mapped to [/] (ServletRegistrationBean.java:186)
[2019-01-30 21:09:36,650][INFO ][main] Creating filter chain: Ant [pattern='/images/**'], [] (DefaultSecurityFilterChain.java:43)
[2019-01-30 21:09:36,650][INFO ][main] Creating filter chain: Ant [pattern='/js/**'], [] (DefaultSecurityFilterChain.java:43)
[2019-01-30 21:09:36,650][INFO ][main] Creating filter chain: Ant [pattern='/css/**'], [] (DefaultSecurityFilterChain.java:43)
[2019-01-30 21:09:36,728][INFO ][main] Creating filter chain: any request, [org.springframework.security.web.context.request.async.WebAsyncManagerIntegrationFilter@1cb9ef52, org.springframework.security.web.context.SecurityContextPersistenceFilter@32227215, org.springframework.security.web.header.HeaderWriterFilter@7fe07361, org.springframework.security.web.csrf.CsrfFilter@72b0a004, org.springframework.security.web.authentication.logout.LogoutFilter@5934ca1e, org.springframework.security.web.authentication.UsernamePasswordAuthenticationFilter@3d9f0a5, org.springframework.security.web.authentication.ui.DefaultLoginPageGeneratingFilter@6010d0d1, org.springframework.security.web.authentication.ui.DefaultLogoutPageGeneratingFilter@5a622fe8, org.springframework.security.web.savedrequest.RequestCacheAwareFilter@79a201cf, org.springframework.security.web.servletapi.SecurityContextHolderAwareRequestFilter@674da77b, org.springframework.security.web.authentication.AnonymousAuthenticationFilter@58f31629, org.springframework.security.web.session.SessionManagementFilter@4ef4f627, org.springframework.security.web.access.ExceptionTranslationFilter@aa61e4e, org.springframework.security.web.access.intercept.FilterSecurityInterceptor@f2d890c] (DefaultSecurityFilterChain.java:43)
[2019-01-30 21:09:37,097][INFO ][main] Initializing ExecutorService 'applicationTaskExecutor' (ExecutorConfigurationSupport.java:171)
[2019-01-30 21:09:37,472][INFO ][main] Starting ProtocolHandler ["http-nio-9999"] (DirectJDKLog.java:173)
[2019-01-30 21:09:37,472][INFO ][main] Using a shared selector for servlet write/read (DirectJDKLog.java:173)
[2019-01-30 21:09:37,503][INFO ][main] Tomcat started on port(s): 9999 (http) with context path '' (TomcatWebServer.java:204)
[2019-01-30 21:09:37,503][INFO ][main] Started AppMain in 8.608 seconds (JVM running for 12.359) (StartupInfoLogger.java:59)
